INFO [2021-06-02 14:33:08] [[1]]
INFO [2021-06-02 14:33:08] venn.x
INFO [2021-06-02 14:33:08] 
INFO [2021-06-02 14:33:08] $filename
INFO [2021-06-02 14:33:08] [1] "output/Metabolomics/D52_BvsP_venn.png"
INFO [2021-06-02 14:33:08] 
INFO [2021-06-02 14:33:08] $output
INFO [2021-06-02 14:33:08] [1] TRUE
INFO [2021-06-02 14:33:08] 
INFO [2021-06-02 14:33:08] $height
INFO [2021-06-02 14:33:08] [1] 480
INFO [2021-06-02 14:33:08] 
INFO [2021-06-02 14:33:08] $width
INFO [2021-06-02 14:33:08] [1] 480
INFO [2021-06-02 14:33:08] 
INFO [2021-06-02 14:33:08] $resolution
INFO [2021-06-02 14:33:08] [1] 300
INFO [2021-06-02 14:33:08] 
INFO [2021-06-02 14:33:08] $category.names
INFO [2021-06-02 14:33:08] c("Bleached", "Partial Mortality")
INFO [2021-06-02 14:33:08] 
INFO [2021-06-02 14:33:08] $lwd
INFO [2021-06-02 14:33:08] [1] 2
INFO [2021-06-02 14:33:08] 
INFO [2021-06-02 14:33:08] $col
INFO [2021-06-02 14:33:08] c("#8B0046", "#468B00")
INFO [2021-06-02 14:33:08] 
INFO [2021-06-02 14:33:08] $fill
INFO [2021-06-02 14:33:08] c(alpha("#8B0046", 0.3), alpha("#468B00", 0.3))
INFO [2021-06-02 14:33:08] 
INFO [2021-06-02 14:33:08] $cex
INFO [2021-06-02 14:33:08] [1] 0.5
INFO [2021-06-02 14:33:08] 
INFO [2021-06-02 14:33:08] $fontfamily
INFO [2021-06-02 14:33:08] [1] "sans"
INFO [2021-06-02 14:33:08] 
INFO [2021-06-02 14:33:08] $fontface
INFO [2021-06-02 14:33:08] [1] "bold"
INFO [2021-06-02 14:33:08] 
INFO [2021-06-02 14:33:08] $cat.cex
INFO [2021-06-02 14:33:08] [1] 0.5
INFO [2021-06-02 14:33:08] 
INFO [2021-06-02 14:33:08] $cat.default.pos
INFO [2021-06-02 14:33:08] [1] "outer"
INFO [2021-06-02 14:33:08] 
INFO [2021-06-02 14:33:08] $cat.pos
INFO [2021-06-02 14:33:08] c(12, -12)
INFO [2021-06-02 14:33:08] 
INFO [2021-06-02 14:33:08] $cat.dist
INFO [2021-06-02 14:33:08] c(-0.45, -0.45)
INFO [2021-06-02 14:33:08] 
INFO [2021-06-02 14:33:08] $cat.fontfamily
INFO [2021-06-02 14:33:08] [1] "sans"
INFO [2021-06-02 14:33:08] 
INFO [2021-06-02 14:33:08] $cat.fontface
INFO [2021-06-02 14:33:08] [1] "bold"
INFO [2021-06-02 14:33:08] 
